2022-09-12 10:49:09.205 INFO [main] [org.springframework.boot.StartupInfoLogger.logStarting(StartupInfoLogger.java:55)] - Starting TestSoapApplication using Java 18.0.2.1 on DESKTOP-RAL63K0 with PID 11200 (C:\Users\ryauzov\Desktop\test-soap\target\classes started by ryauzov in C:\Users\ryauzov\Desktop\test-soap)
2022-09-12 10:49:09.211 INFO [main] [org.springframework.boot.SpringApplication.logStartupProfileInfo(SpringApplication.java:634)] - No active profile set, falling back to 1 default profile: "default"
2022-09-12 10:49:09.548 INFO [main] [org.springframework.context.support.PostProcessorRegistrationDelegate$BeanPostProcessorChecker.postProcessAfterInitialization(PostProcessorRegistrationDelegate.java:376)] - Bean 'config' of type [com.example.testsoap.config.Config$$EnhancerBySpringCGLIB$$d0cbd780] is not eligible for getting processed by all BeanPostProcessors (for example: not eligible for auto-proxying)
2022-09-12 10:49:09.548 INFO [main] [org.springframework.context.support.PostProcessorRegistrationDelegate$BeanPostProcessorChecker.postProcessAfterInitialization(PostProcessorRegistrationDelegate.java:376)] - Bean 'org.springframework.ws.config.annotation.DelegatingWsConfiguration' of type [org.springframework.ws.config.annotation.DelegatingWsConfiguration$$EnhancerBySpringCGLIB$$55be7fcc] is not eligible for getting processed by all BeanPostProcessors (for example: not eligible for auto-proxying)
2022-09-12 10:49:09.575 INFO [main] [org.springframework.ws.soap.addressing.server.AbstractAddressingEndpointMapping.afterPropertiesSet(AbstractAddressingEndpointMapping.java:239)] - Supporting [WS-Addressing August 2004, WS-Addressing 1.0]
2022-09-12 10:49:09.718 INFO [main] [org.springframework.boot.web.embedded.tomcat.TomcatWebServer.initialize(TomcatWebServer.java:108)] - Tomcat initialized with port(s): 8080 (http)
2022-09-12 10:49:09.728 INFO [main] [org.apache.juli.logging.DirectJDKLog.log(DirectJDKLog.java:173)] - Initializing ProtocolHandler ["http-nio-8080"]
2022-09-12 10:49:09.728 INFO [main] [org.apache.juli.logging.DirectJDKLog.log(DirectJDKLog.java:173)] - Starting service [Tomcat]
2022-09-12 10:49:09.729 INFO [main] [org.apache.juli.logging.DirectJDKLog.log(DirectJDKLog.java:173)] - Starting Servlet engine: [Apache Tomcat/9.0.65]
2022-09-12 10:49:09.785 INFO [main] [org.apache.juli.logging.DirectJDKLog.log(DirectJDKLog.java:173)] - Initializing Spring embedded WebApplicationContext
2022-09-12 10:49:09.785 INFO [main] [org.springframework.boot.web.servlet.context.ServletWebServerApplicationContext.prepareWebApplicationContext(ServletWebServerApplicationContext.java:292)] - Root WebApplicationContext: initialization completed in 552 ms
2022-09-12 10:49:10.031 INFO [main] [org.apache.juli.logging.DirectJDKLog.log(DirectJDKLog.java:173)] - Starting ProtocolHandler ["http-nio-8080"]
2022-09-12 10:49:10.042 INFO [main] [org.springframework.boot.web.embedded.tomcat.TomcatWebServer.start(TomcatWebServer.java:220)] - Tomcat started on port(s): 8080 (http) with context path ''
2022-09-12 10:49:10.048 INFO [main] [org.springframework.boot.StartupInfoLogger.logStarted(StartupInfoLogger.java:61)] - Started TestSoapApplication in 1.029 seconds (JVM running for 1.517)
2022-09-12 10:55:24.211 INFO [main] [org.springframework.boot.StartupInfoLogger.logStarting(StartupInfoLogger.java:55)] - Starting TestSoapApplication using Java 18.0.2.1 on DESKTOP-RAL63K0 with PID 2152 (C:\Users\ryauzov\Desktop\test-soap\target\classes started by ryauzov in C:\Users\ryauzov\Desktop\test-soap)
2022-09-12 10:55:24.217 INFO [main] [org.springframework.boot.SpringApplication.logStartupProfileInfo(SpringApplication.java:634)] - No active profile set, falling back to 1 default profile: "default"
2022-09-12 10:55:24.602 INFO [main] [org.springframework.context.support.PostProcessorRegistrationDelegate$BeanPostProcessorChecker.postProcessAfterInitialization(PostProcessorRegistrationDelegate.java:376)] - Bean 'config' of type [com.example.testsoap.config.Config$$EnhancerBySpringCGLIB$$b58f9044] is not eligible for getting processed by all BeanPostProcessors (for example: not eligible for auto-proxying)
2022-09-12 10:55:24.602 INFO [main] [org.springframework.context.support.PostProcessorRegistrationDelegate$BeanPostProcessorChecker.postProcessAfterInitialization(PostProcessorRegistrationDelegate.java:376)] - Bean 'org.springframework.ws.config.annotation.DelegatingWsConfiguration' of type [org.springframework.ws.config.annotation.DelegatingWsConfiguration$$EnhancerBySpringCGLIB$$3a823890] is not eligible for getting processed by all BeanPostProcessors (for example: not eligible for auto-proxying)
2022-09-12 10:55:24.630 INFO [main] [org.springframework.ws.soap.addressing.server.AbstractAddressingEndpointMapping.afterPropertiesSet(AbstractAddressingEndpointMapping.java:239)] - Supporting [WS-Addressing August 2004, WS-Addressing 1.0]
2022-09-12 10:55:24.768 INFO [main] [org.springframework.boot.web.embedded.tomcat.TomcatWebServer.initialize(TomcatWebServer.java:108)] - Tomcat initialized with port(s): 8080 (http)
2022-09-12 10:55:24.779 INFO [main] [org.apache.juli.logging.DirectJDKLog.log(DirectJDKLog.java:173)] - Initializing ProtocolHandler ["http-nio-8080"]
2022-09-12 10:55:24.779 INFO [main] [org.apache.juli.logging.DirectJDKLog.log(DirectJDKLog.java:173)] - Starting service [Tomcat]
2022-09-12 10:55:24.780 INFO [main] [org.apache.juli.logging.DirectJDKLog.log(DirectJDKLog.java:173)] - Starting Servlet engine: [Apache Tomcat/9.0.65]
2022-09-12 10:55:24.844 INFO [main] [org.apache.juli.logging.DirectJDKLog.log(DirectJDKLog.java:173)] - Initializing Spring embedded WebApplicationContext
2022-09-12 10:55:24.845 INFO [main] [org.springframework.boot.web.servlet.context.ServletWebServerApplicationContext.prepareWebApplicationContext(ServletWebServerApplicationContext.java:292)] - Root WebApplicationContext: initialization completed in 605 ms
2022-09-12 10:55:25.085 INFO [main] [org.apache.juli.logging.DirectJDKLog.log(DirectJDKLog.java:173)] - Starting ProtocolHandler ["http-nio-8080"]
2022-09-12 10:55:25.097 INFO [main] [org.springframework.boot.web.embedded.tomcat.TomcatWebServer.start(TomcatWebServer.java:220)] - Tomcat started on port(s): 8080 (http) with context path ''
2022-09-12 10:55:25.103 INFO [main] [org.springframework.boot.StartupInfoLogger.logStarted(StartupInfoLogger.java:61)] - Started TestSoapApplication in 1.097 seconds (JVM running for 1.605)
2022-09-12 11:04:55.601 INFO [main] [org.springframework.boot.StartupInfoLogger.logStarting(StartupInfoLogger.java:55)] - Starting TestSoapApplication using Java 18.0.2.1 on DESKTOP-RAL63K0 with PID 1820 (C:\Users\ryauzov\Desktop\test-soap\target\classes started by ryauzov in C:\Users\ryauzov\Desktop\test-soap)
2022-09-12 11:04:55.610 INFO [main] [org.springframework.boot.SpringApplication.logStartupProfileInfo(SpringApplication.java:634)] - No active profile set, falling back to 1 default profile: "default"
2022-09-12 11:04:56.009 INFO [main] [org.springframework.context.support.PostProcessorRegistrationDelegate$BeanPostProcessorChecker.postProcessAfterInitialization(PostProcessorRegistrationDelegate.java:376)] - Bean 'config' of type [com.example.testsoap.config.Config$$EnhancerBySpringCGLIB$$67ebf094] is not eligible for getting processed by all BeanPostProcessors (for example: not eligible for auto-proxying)
2022-09-12 11:04:56.010 INFO [main] [org.springframework.context.support.PostProcessorRegistrationDelegate$BeanPostProcessorChecker.postProcessAfterInitialization(PostProcessorRegistrationDelegate.java:376)] - Bean 'org.springframework.ws.config.annotation.DelegatingWsConfiguration' of type [org.springframework.ws.config.annotation.DelegatingWsConfiguration$$EnhancerBySpringCGLIB$$ecde98e0] is not eligible for getting processed by all BeanPostProcessors (for example: not eligible for auto-proxying)
2022-09-12 11:04:56.038 INFO [main] [org.springframework.ws.soap.addressing.server.AbstractAddressingEndpointMapping.afterPropertiesSet(AbstractAddressingEndpointMapping.java:239)] - Supporting [WS-Addressing August 2004, WS-Addressing 1.0]
2022-09-12 11:04:56.176 INFO [main] [org.springframework.boot.web.embedded.tomcat.TomcatWebServer.initialize(TomcatWebServer.java:108)] - Tomcat initialized with port(s): 8080 (http)
2022-09-12 11:04:56.186 INFO [main] [org.apache.juli.logging.DirectJDKLog.log(DirectJDKLog.java:173)] - Initializing ProtocolHandler ["http-nio-8080"]
2022-09-12 11:04:56.187 INFO [main] [org.apache.juli.logging.DirectJDKLog.log(DirectJDKLog.java:173)] - Starting service [Tomcat]
2022-09-12 11:04:56.187 INFO [main] [org.apache.juli.logging.DirectJDKLog.log(DirectJDKLog.java:173)] - Starting Servlet engine: [Apache Tomcat/9.0.65]
2022-09-12 11:04:56.246 INFO [main] [org.apache.juli.logging.DirectJDKLog.log(DirectJDKLog.java:173)] - Initializing Spring embedded WebApplicationContext
2022-09-12 11:04:56.246 INFO [main] [org.springframework.boot.web.servlet.context.ServletWebServerApplicationContext.prepareWebApplicationContext(ServletWebServerApplicationContext.java:292)] - Root WebApplicationContext: initialization completed in 603 ms
2022-09-12 11:04:56.505 INFO [main] [org.apache.juli.logging.DirectJDKLog.log(DirectJDKLog.java:173)] - Starting ProtocolHandler ["http-nio-8080"]
2022-09-12 11:04:56.516 INFO [main] [org.springframework.boot.web.embedded.tomcat.TomcatWebServer.start(TomcatWebServer.java:220)] - Tomcat started on port(s): 8080 (http) with context path ''
2022-09-12 11:04:56.522 INFO [main] [org.springframework.boot.StartupInfoLogger.logStarted(StartupInfoLogger.java:61)] - Started TestSoapApplication in 1.12 seconds (JVM running for 1.666)
2022-09-12 11:05:34.063 INFO [http-nio-8080-exec-1] [org.apache.juli.logging.DirectJDKLog.log(DirectJDKLog.java:173)] - Initializing Spring MessageDispatcherServlet 'messageDispatcherServlet'
2022-09-12 11:05:34.063 INFO [http-nio-8080-exec-1] [org.springframework.web.servlet.FrameworkServlet.initServletBean(FrameworkServlet.java:525)] - Initializing Servlet 'messageDispatcherServlet'
2022-09-12 11:05:34.067 INFO [http-nio-8080-exec-1] [org.springframework.ws.soap.saaj.SaajSoapMessageFactory.afterPropertiesSet(SaajSoapMessageFactory.java:137)] - Creating SAAJ 1.3 MessageFactory with SOAP 1.1 Protocol
2022-09-12 11:05:34.076 INFO [http-nio-8080-exec-1] [org.springframework.web.servlet.FrameworkServlet.initServletBean(FrameworkServlet.java:547)] - Completed initialization in 13 ms
2022-09-12 11:05:34.258 INFO [http-nio-8080-exec-1] [com.example.testsoap.service.ConvertService.convertXml(ConvertService.java:31)] - Успешно!
2022-09-12 11:07:02.036 INFO [main] [org.springframework.boot.StartupInfoLogger.logStarting(StartupInfoLogger.java:55)] - Starting TestSoapApplication using Java 18.0.2.1 on DESKTOP-RAL63K0 with PID 4244 (C:\Users\ryauzov\Desktop\test-soap\target\classes started by ryauzov in C:\Users\ryauzov\Desktop\test-soap)
2022-09-12 11:07:02.042 INFO [main] [org.springframework.boot.SpringApplication.logStartupProfileInfo(SpringApplication.java:634)] - No active profile set, falling back to 1 default profile: "default"
2022-09-12 11:07:02.393 INFO [main] [org.springframework.context.support.PostProcessorRegistrationDelegate$BeanPostProcessorChecker.postProcessAfterInitialization(PostProcessorRegistrationDelegate.java:376)] - Bean 'config' of type [com.example.testsoap.config.Config$$EnhancerBySpringCGLIB$$b510ff03] is not eligible for getting processed by all BeanPostProcessors (for example: not eligible for auto-proxying)
2022-09-12 11:07:02.394 INFO [main] [org.springframework.context.support.PostProcessorRegistrationDelegate$BeanPostProcessorChecker.postProcessAfterInitialization(PostProcessorRegistrationDelegate.java:376)] - Bean 'org.springframework.ws.config.annotation.DelegatingWsConfiguration' of type [org.springframework.ws.config.annotation.DelegatingWsConfiguration$$EnhancerBySpringCGLIB$$3a03a74f] is not eligible for getting processed by all BeanPostProcessors (for example: not eligible for auto-proxying)
2022-09-12 11:07:02.422 INFO [main] [org.springframework.ws.soap.addressing.server.AbstractAddressingEndpointMapping.afterPropertiesSet(AbstractAddressingEndpointMapping.java:239)] - Supporting [WS-Addressing August 2004, WS-Addressing 1.0]
2022-09-12 11:07:02.568 INFO [main] [org.springframework.boot.web.embedded.tomcat.TomcatWebServer.initialize(TomcatWebServer.java:108)] - Tomcat initialized with port(s): 8080 (http)
2022-09-12 11:07:02.579 INFO [main] [org.apache.juli.logging.DirectJDKLog.log(DirectJDKLog.java:173)] - Initializing ProtocolHandler ["http-nio-8080"]
2022-09-12 11:07:02.580 INFO [main] [org.apache.juli.logging.DirectJDKLog.log(DirectJDKLog.java:173)] - Starting service [Tomcat]
2022-09-12 11:07:02.580 INFO [main] [org.apache.juli.logging.DirectJDKLog.log(DirectJDKLog.java:173)] - Starting Servlet engine: [Apache Tomcat/9.0.65]
2022-09-12 11:07:02.643 INFO [main] [org.apache.juli.logging.DirectJDKLog.log(DirectJDKLog.java:173)] - Initializing Spring embedded WebApplicationContext
2022-09-12 11:07:02.643 INFO [main] [org.springframework.boot.web.servlet.context.ServletWebServerApplicationContext.prepareWebApplicationContext(ServletWebServerApplicationContext.java:292)] - Root WebApplicationContext: initialization completed in 578 ms
2022-09-12 11:07:02.903 INFO [main] [org.apache.juli.logging.DirectJDKLog.log(DirectJDKLog.java:173)] - Starting ProtocolHandler ["http-nio-8080"]
2022-09-12 11:07:02.915 INFO [main] [org.springframework.boot.web.embedded.tomcat.TomcatWebServer.start(TomcatWebServer.java:220)] - Tomcat started on port(s): 8080 (http) with context path ''
2022-09-12 11:07:02.921 INFO [main] [org.springframework.boot.StartupInfoLogger.logStarted(StartupInfoLogger.java:61)] - Started TestSoapApplication in 1.07 seconds (JVM running for 1.557)
2022-09-12 11:07:04.533 INFO [http-nio-8080-exec-1] [org.apache.juli.logging.DirectJDKLog.log(DirectJDKLog.java:173)] - Initializing Spring MessageDispatcherServlet 'messageDispatcherServlet'
2022-09-12 11:07:04.533 INFO [http-nio-8080-exec-1] [org.springframework.web.servlet.FrameworkServlet.initServletBean(FrameworkServlet.java:525)] - Initializing Servlet 'messageDispatcherServlet'
2022-09-12 11:07:04.536 INFO [http-nio-8080-exec-1] [org.springframework.ws.soap.saaj.SaajSoapMessageFactory.afterPropertiesSet(SaajSoapMessageFactory.java:137)] - Creating SAAJ 1.3 MessageFactory with SOAP 1.1 Protocol
2022-09-12 11:07:04.546 INFO [http-nio-8080-exec-1] [org.springframework.web.servlet.FrameworkServlet.initServletBean(FrameworkServlet.java:547)] - Completed initialization in 13 ms
2022-09-12 11:07:04.752 INFO [http-nio-8080-exec-1] [com.example.testsoap.service.ConvertService.convertXml(ConvertService.java:31)] - Успешно!
2022-09-12 11:08:07.546 INFO [main] [org.springframework.boot.StartupInfoLogger.logStarting(StartupInfoLogger.java:55)] - Starting TestSoapApplication using Java 18.0.2.1 on DESKTOP-RAL63K0 with PID 16316 (C:\Users\ryauzov\Desktop\test-soap\target\classes started by ryauzov in C:\Users\ryauzov\Desktop\test-soap)
2022-09-12 11:08:07.552 INFO [main] [org.springframework.boot.SpringApplication.logStartupProfileInfo(SpringApplication.java:634)] - No active profile set, falling back to 1 default profile: "default"
2022-09-12 11:08:07.890 INFO [main] [org.springframework.context.support.PostProcessorRegistrationDelegate$BeanPostProcessorChecker.postProcessAfterInitialization(PostProcessorRegistrationDelegate.java:376)] - Bean 'config' of type [com.example.testsoap.config.Config$$EnhancerBySpringCGLIB$$b510ff03] is not eligible for getting processed by all BeanPostProcessors (for example: not eligible for auto-proxying)
2022-09-12 11:08:07.891 INFO [main] [org.springframework.context.support.PostProcessorRegistrationDelegate$BeanPostProcessorChecker.postProcessAfterInitialization(PostProcessorRegistrationDelegate.java:376)] - Bean 'org.springframework.ws.config.annotation.DelegatingWsConfiguration' of type [org.springframework.ws.config.annotation.DelegatingWsConfiguration$$EnhancerBySpringCGLIB$$3a03a74f] is not eligible for getting processed by all BeanPostProcessors (for example: not eligible for auto-proxying)
2022-09-12 11:08:07.920 INFO [main] [org.springframework.ws.soap.addressing.server.AbstractAddressingEndpointMapping.afterPropertiesSet(AbstractAddressingEndpointMapping.java:239)] - Supporting [WS-Addressing August 2004, WS-Addressing 1.0]
2022-09-12 11:08:08.060 INFO [main] [org.springframework.boot.web.embedded.tomcat.TomcatWebServer.initialize(TomcatWebServer.java:108)] - Tomcat initialized with port(s): 8080 (http)
2022-09-12 11:08:08.070 INFO [main] [org.apache.juli.logging.DirectJDKLog.log(DirectJDKLog.java:173)] - Initializing ProtocolHandler ["http-nio-8080"]
2022-09-12 11:08:08.070 INFO [main] [org.apache.juli.logging.DirectJDKLog.log(DirectJDKLog.java:173)] - Starting service [Tomcat]
2022-09-12 11:08:08.071 INFO [main] [org.apache.juli.logging.DirectJDKLog.log(DirectJDKLog.java:173)] - Starting Servlet engine: [Apache Tomcat/9.0.65]
2022-09-12 11:08:08.129 INFO [main] [org.apache.juli.logging.DirectJDKLog.log(DirectJDKLog.java:173)] - Initializing Spring embedded WebApplicationContext
2022-09-12 11:08:08.130 INFO [main] [org.springframework.boot.web.servlet.context.ServletWebServerApplicationContext.prepareWebApplicationContext(ServletWebServerApplicationContext.java:292)] - Root WebApplicationContext: initialization completed in 554 ms
2022-09-12 11:08:08.370 INFO [main] [org.apache.juli.logging.DirectJDKLog.log(DirectJDKLog.java:173)] - Starting ProtocolHandler ["http-nio-8080"]
2022-09-12 11:08:08.382 INFO [main] [org.springframework.boot.web.embedded.tomcat.TomcatWebServer.start(TomcatWebServer.java:220)] - Tomcat started on port(s): 8080 (http) with context path ''
2022-09-12 11:08:08.388 INFO [main] [org.springframework.boot.StartupInfoLogger.logStarted(StartupInfoLogger.java:61)] - Started TestSoapApplication in 1.031 seconds (JVM running for 1.525)
2022-09-12 11:08:09.858 INFO [http-nio-8080-exec-1] [org.apache.juli.logging.DirectJDKLog.log(DirectJDKLog.java:173)] - Initializing Spring MessageDispatcherServlet 'messageDispatcherServlet'
2022-09-12 11:08:09.859 INFO [http-nio-8080-exec-1] [org.springframework.web.servlet.FrameworkServlet.initServletBean(FrameworkServlet.java:525)] - Initializing Servlet 'messageDispatcherServlet'
2022-09-12 11:08:09.861 INFO [http-nio-8080-exec-1] [org.springframework.ws.soap.saaj.SaajSoapMessageFactory.afterPropertiesSet(SaajSoapMessageFactory.java:137)] - Creating SAAJ 1.3 MessageFactory with SOAP 1.1 Protocol
2022-09-12 11:08:09.871 INFO [http-nio-8080-exec-1] [org.springframework.web.servlet.FrameworkServlet.initServletBean(FrameworkServlet.java:547)] - Completed initialization in 12 ms
2022-09-12 11:08:10.069 INFO [http-nio-8080-exec-1] [com.example.testsoap.endpoint.XmlTextEndpoint.getData(XmlTextEndpoint.java:34)] - Успешно!
